2025-02-25 18:11:37,042 [INFO] Activator:176 - 


2025-02-25 18:11:37,045 [INFO] Activator:177 - !SESSION log4j initialized
2025-02-25 18:11:39,697 [ERROR] LogOutputStream:75 - [STDERR_REDIRECT] 
2025-02-25 18:11:42,867 [INFO] LogOutputStream:77 - [STDOUT_REDIRECT] 
2025-02-25 18:11:45,998 [INFO] ApplicationProperties:184 - Using Application install path: /Applications/STM32CubeIDE.app/Contents/Eclipse/plugins/com.st.stm32cube.common.mx_6.13.0.202411220809
2025-02-25 18:11:46,029 [INFO] DbMcusXml:78 - Set database path to: /Applications/STM32CubeIDE.app/Contents/Eclipse/plugins/com.st.stm32cube.common.mx_6.13.0.202411220809//db//mcu/
2025-02-25 18:11:46,030 [INFO] ApiDb:274 - Set plugin database path to: /Applications/STM32CubeIDE.app/Contents/Eclipse/plugins/com.st.stm32cube.common.mx_6.13.0.202411220809//db//plugins/boardmanager/
2025-02-25 18:11:46,030 [WARN] ApiDb:259 - Overriding images path with different value:  => /Applications/STM32CubeIDE.app/Contents/Eclipse/plugins/com.st.stm32cube.common.mx_6.13.0.202411220809//db//plugins/mcufinder/images/
2025-02-25 18:11:46,044 [INFO] ApiDb:250 - Set database path to: /Users/joshuayu/.stmcufinder/plugins/mcufinder//mcu/
2025-02-25 18:11:46,047 [INFO] DbMcusAds:125 - Set database path to: /Users/joshuayu/.stmcufinder/plugins/mcufinder//mcu/
2025-02-25 18:11:46,050 [INFO] CrossReferenceDbSqlite:203 - Set database path to: /Users/joshuayu/.stmcufinder/plugins/mcufinder//mcu/cs/
2025-02-25 18:11:46,381 [INFO] RulesReader:64 - Compatibility file has been processed (297 Rules)
2025-02-25 18:11:46,516 [INFO] DbMcusXml:78 - Set database path to: /Applications/STM32CubeIDE.app/Contents/Eclipse/plugins/com.st.stm32cube.common.mx_6.13.0.202411220809//db//mcu/
2025-02-25 18:11:46,517 [INFO] ApiDb:274 - Set plugin database path to: /Applications/STM32CubeIDE.app/Contents/Eclipse/plugins/com.st.stm32cube.common.mx_6.13.0.202411220809//db//plugins/boardmanager/
2025-02-25 18:11:46,517 [INFO] ApiDb:261 - Set plugin images path to: /Applications/STM32CubeIDE.app/Contents/Eclipse/plugins/com.st.stm32cube.common.mx_6.13.0.202411220809//db//plugins/mcufinder/images/
2025-02-25 18:11:46,517 [WARN] DbFile:41 - Overriding database path with different value: /Users/joshuayu/.stmcufinder/plugins/mcufinder/ => /Users/joshuayu/.stmcufinder/plugins/mcufinder
2025-02-25 18:11:46,517 [INFO] ApiDb:250 - Set database path to: /Users/joshuayu/.stmcufinder/plugins/mcufinder//mcu/
2025-02-25 18:11:46,518 [WARN] DbFile:41 - Overriding database path with different value: /Users/joshuayu/.stmcufinder/plugins/mcufinder/ => /Users/joshuayu/.stmcufinder/plugins/mcufinder
2025-02-25 18:11:46,518 [INFO] DbMcusAds:125 - Set database path to: /Users/joshuayu/.stmcufinder/plugins/mcufinder//mcu/
2025-02-25 18:11:46,518 [WARN] DbFile:41 - Overriding database path with different value: /Users/joshuayu/.stmcufinder/plugins/mcufinder/ => /Users/joshuayu/.stmcufinder/plugins/mcufinder
2025-02-25 18:11:46,518 [WARN] DbFile:41 - Overriding database path with different value: /Users/joshuayu/.stmcufinder/plugins/mcufinder/ => /Users/joshuayu/.stmcufinder/plugins/mcufinder
2025-02-25 18:11:46,518 [INFO] CrossReferenceDbSqlite:203 - Set database path to: /Users/joshuayu/.stmcufinder/plugins/mcufinder//mcu/cs/
2025-02-25 18:11:46,648 [INFO] MainPanel:272 - HeapMemory: 268435456
2025-02-25 18:11:47,319 [INFO] DbMcusXml:78 - Set database path to: /Applications/STM32CubeIDE.app/Contents/Eclipse/plugins/com.st.stm32cube.common.mx_6.13.0.202411220809//db//mcu/
2025-02-25 18:11:47,320 [INFO] ApiDb:274 - Set plugin database path to: /Applications/STM32CubeIDE.app/Contents/Eclipse/plugins/com.st.stm32cube.common.mx_6.13.0.202411220809//db//plugins/boardmanager/
2025-02-25 18:11:47,320 [INFO] ApiDb:261 - Set plugin images path to: /Applications/STM32CubeIDE.app/Contents/Eclipse/plugins/com.st.stm32cube.common.mx_6.13.0.202411220809//db//plugins/mcufinder/images/
2025-02-25 18:11:47,320 [WARN] DbFile:41 - Overriding database path with different value: /Users/joshuayu/.stmcufinder/plugins/mcufinder/ => /Users/joshuayu/.stmcufinder/plugins/mcufinder
2025-02-25 18:11:47,321 [INFO] ApiDb:250 - Set database path to: /Users/joshuayu/.stmcufinder/plugins/mcufinder//mcu/
2025-02-25 18:11:47,321 [WARN] DbFile:41 - Overriding database path with different value: /Users/joshuayu/.stmcufinder/plugins/mcufinder/ => /Users/joshuayu/.stmcufinder/plugins/mcufinder
2025-02-25 18:11:47,321 [INFO] DbMcusAds:125 - Set database path to: /Users/joshuayu/.stmcufinder/plugins/mcufinder//mcu/
2025-02-25 18:11:47,321 [WARN] DbFile:41 - Overriding database path with different value: /Users/joshuayu/.stmcufinder/plugins/mcufinder/ => /Users/joshuayu/.stmcufinder/plugins/mcufinder
2025-02-25 18:11:47,321 [WARN] DbFile:41 - Overriding database path with different value: /Users/joshuayu/.stmcufinder/plugins/mcufinder/ => /Users/joshuayu/.stmcufinder/plugins/mcufinder
2025-02-25 18:11:47,321 [INFO] CrossReferenceDbSqlite:203 - Set database path to: /Users/joshuayu/.stmcufinder/plugins/mcufinder//mcu/cs/
2025-02-25 18:11:47,354 [INFO] ApplicationProperties:184 - Using Application install path: /Applications/STM32CubeIDE.app/Contents/Eclipse/plugins/com.st.stm32cube.common.mx_6.13.0.202411220809
2025-02-25 18:11:47,356 [INFO] PluginManage:196 - Search for loadable plugins [exclusion list=, ]
2025-02-25 18:11:47,360 [INFO] PluginManage:310 - Check plugin analytics
2025-02-25 18:11:47,650 [INFO] AnalyticsPlugin:253 - Accepted Software Licenses: STM32CubeMX.6.13.0
2025-02-25 18:11:47,650 [INFO] AnalyticsPlugin:255 - Accepted CMSIS Pack Licenses: 
2025-02-25 18:11:47,650 [INFO] AnalyticsPlugin:257 - Accepted Firmware Licenses: FW.F7.1.17.0,FW.H7.1.12.0
2025-02-25 18:11:47,663 [INFO] PluginManage:359 - Loaded plugin analytics (category:tool,tabindex:-1)
2025-02-25 18:11:47,664 [INFO] PluginManage:310 - Check plugin cadmodel
2025-02-25 18:11:47,681 [INFO] CADModel:105 - Init CAD model plugin
2025-02-25 18:11:47,682 [INFO] PluginManage:359 - Loaded plugin cadmodel (category:power,tabindex:5)
2025-02-25 18:11:47,682 [INFO] PluginManage:310 - Check plugin clock
2025-02-25 18:11:47,697 [INFO] PluginManage:359 - Loaded plugin clock (category:base,tabindex:2)
2025-02-25 18:11:47,697 [INFO] PluginManage:310 - Check plugin ddr
2025-02-25 18:11:47,700 [INFO] PluginManage:359 - Loaded plugin ddr (category:tool,tabindex:6)
2025-02-25 18:11:47,700 [INFO] PluginManage:310 - Check plugin filemanager
2025-02-25 18:11:48,579 [INFO] PluginManage:359 - Loaded plugin filemanager (category:base,tabindex:10)
2025-02-25 18:11:48,586 [INFO] PluginManage:310 - Check plugin ipmanager
2025-02-25 18:11:48,653 [INFO] PluginManage:359 - Loaded plugin ipmanager (category:base,tabindex:5)
2025-02-25 18:11:48,655 [INFO] PluginManage:310 - Check plugin lpbam
2025-02-25 18:11:48,699 [INFO] PluginManage:359 - Loaded plugin lpbam (category:base,tabindex:0)
2025-02-25 18:11:48,700 [INFO] PluginManage:310 - Check plugin memorymap
2025-02-25 18:11:48,722 [INFO] PluginManage:359 - Loaded plugin memorymap (category:base,tabindex:4)
2025-02-25 18:11:48,722 [INFO] PluginManage:310 - Check plugin pinoutandconfiguration
2025-02-25 18:11:48,735 [INFO] PluginManage:359 - Loaded plugin pinoutandconfiguration (category:base,tabindex:1)
2025-02-25 18:11:48,736 [INFO] PluginManage:310 - Check plugin pinoutconfig
2025-02-25 18:11:48,894 [WARN] SupportedApi:132 - Cannot load RTOS API schema: s4s-elt-must-match.1: The content of 'definitions' must match (annotation?, (simpleType | complexType)?, (unique | key | keyref)*)). A problem was found starting at: attribute.
2025-02-25 18:11:49,306 [INFO] PluginManage:359 - Loaded plugin pinoutconfig (category:base,tabindex:0)
2025-02-25 18:11:49,308 [INFO] PluginManage:310 - Check plugin power
2025-02-25 18:11:49,328 [INFO] PluginManage:359 - Loaded plugin power (category:power,tabindex:4)
2025-02-25 18:11:49,328 [INFO] PluginManage:310 - Check plugin projectmanager
2025-02-25 18:11:49,427 [INFO] PluginManage:359 - Loaded plugin projectmanager (category:projectmanager,tabindex:4)
2025-02-25 18:11:49,427 [INFO] PluginManage:310 - Check plugin rif
2025-02-25 18:11:49,437 [INFO] PluginManage:359 - Loaded plugin rif (category:base,tabindex:3)
2025-02-25 18:11:49,437 [INFO] PluginManage:310 - Check plugin thirdparty
2025-02-25 18:11:50,033 [INFO] PluginManage:359 - Loaded plugin thirdparty (category:base,tabindex:-1)
2025-02-25 18:11:50,037 [INFO] PluginManage:310 - Check plugin tools
2025-02-25 18:11:50,055 [INFO] PluginManage:359 - Loaded plugin tools (category:base,tabindex:7)
2025-02-25 18:11:50,056 [INFO] PluginManage:310 - Check plugin tutovideos
2025-02-25 18:11:50,034 [WARN] IntegrityCheckThread:84 - waiting for thirdparty lock release [integrity check]
2025-02-25 18:11:50,056 [INFO] IntegrityCheckThread:86 - entering critical section [integrity check]
2025-02-25 18:11:50,059 [INFO] ThirdPartyUpdaterWithRetryManager:70 - Updater plugin not ready yet. [1/15]
2025-02-25 18:11:50,461 [INFO] PluginManage:359 - Loaded plugin tutovideos (category:base,tabindex:-1)
2025-02-25 18:11:50,462 [INFO] PluginManage:310 - Check plugin updater
2025-02-25 18:11:50,514 [INFO] PluginManage:359 - Loaded plugin updater (category:base,tabindex:12)
2025-02-25 18:11:50,514 [INFO] PluginManage:310 - Check plugin userauth
2025-02-25 18:11:50,524 [INFO] UserAuth:118 - Init User Auth plugin
2025-02-25 18:11:50,527 [INFO] PluginManage:359 - Loaded plugin userauth (category:base,tabindex:14)
2025-02-25 18:11:50,528 [INFO] PluginManage:283 - PluginManage : Loaded plugins [18]
2025-02-25 18:11:51,109 [INFO] PinOutPanel:1589 - setPackage(No Configuration,No Configuration)
2025-02-25 18:11:51,253 [INFO] CADModel:165 - CPN selected for project level
2025-02-25 18:11:51,253 [INFO] CADModel:114 - Register for checkConnection events
2025-02-25 18:11:51,272 [INFO] IPUIPlugin:80 - create IPUIPlugin
2025-02-25 18:11:51,273 [INFO] PluginManager:220 - loadIPPluginJar : add mdma
2025-02-25 18:11:51,281 [INFO] IPUIPlugin:80 - create IPUIPlugin
2025-02-25 18:11:51,282 [INFO] PluginManager:220 - loadIPPluginJar : add freertos
2025-02-25 18:11:51,288 [INFO] IPUIPlugin:80 - create IPUIPlugin
2025-02-25 18:11:51,289 [INFO] PluginManager:220 - loadIPPluginJar : add gic
2025-02-25 18:11:51,300 [INFO] IPUIPlugin:80 - create IPUIPlugin
2025-02-25 18:11:51,301 [INFO] PluginManager:220 - loadIPPluginJar : add adc
2025-02-25 18:11:51,303 [INFO] IPUIPlugin:80 - create IPUIPlugin
2025-02-25 18:11:51,304 [INFO] PluginManager:220 - loadIPPluginJar : add gtzc
2025-02-25 18:11:51,305 [INFO] IPUIPlugin:80 - create IPUIPlugin
2025-02-25 18:11:51,305 [INFO] PluginManager:220 - loadIPPluginJar : add quadspi
2025-02-25 18:11:51,307 [INFO] IPUIPlugin:80 - create IPUIPlugin
2025-02-25 18:11:51,307 [INFO] PluginManager:220 - loadIPPluginJar : add aes
2025-02-25 18:11:51,310 [INFO] IPUIPlugin:80 - create IPUIPlugin
2025-02-25 18:11:51,310 [INFO] PluginManager:220 - loadIPPluginJar : add pdm2pcm
2025-02-25 18:11:51,313 [INFO] IPUIPlugin:80 - create IPUIPlugin
2025-02-25 18:11:51,313 [INFO] PluginManager:220 - loadIPPluginJar : add hash
2025-02-25 18:11:51,315 [INFO] IPUIPlugin:80 - create IPUIPlugin
2025-02-25 18:11:51,315 [INFO] PluginManager:220 - loadIPPluginJar : add tim
2025-02-25 18:11:51,317 [INFO] IPUIPlugin:80 - create IPUIPlugin
2025-02-25 18:11:51,317 [INFO] PluginManager:220 - loadIPPluginJar : add tsc
2025-02-25 18:11:51,320 [INFO] IPUIPlugin:80 - create IPUIPlugin
2025-02-25 18:11:51,320 [INFO] PluginManager:220 - loadIPPluginJar : add extmemmanager
2025-02-25 18:11:51,323 [INFO] IPUIPlugin:80 - create IPUIPlugin
2025-02-25 18:11:51,323 [INFO] PluginManager:220 - loadIPPluginJar : add ts
2025-02-25 18:11:51,325 [INFO] IPUIPlugin:80 - create IPUIPlugin
2025-02-25 18:11:51,326 [INFO] PluginManager:220 - loadIPPluginJar : add radio
2025-02-25 18:11:51,328 [INFO] IPUIPlugin:80 - create IPUIPlugin
2025-02-25 18:11:51,329 [INFO] PluginManager:220 - loadIPPluginJar : add can
2025-02-25 18:11:51,331 [INFO] IPUIPlugin:80 - create IPUIPlugin
2025-02-25 18:11:51,332 [INFO] PluginManager:220 - loadIPPluginJar : add dma3
2025-02-25 18:11:51,335 [INFO] IPUIPlugin:80 - create IPUIPlugin
2025-02-25 18:11:51,335 [INFO] PluginManager:220 - loadIPPluginJar : add dfsdm
2025-02-25 18:11:51,338 [INFO] IPUIPlugin:80 - create IPUIPlugin
2025-02-25 18:11:51,338 [INFO] PluginManager:220 - loadIPPluginJar : add spi
2025-02-25 18:11:51,340 [INFO] IPUIPlugin:80 - create IPUIPlugin
2025-02-25 18:11:51,340 [INFO] PluginManager:220 - loadIPPluginJar : add gfxmmu
2025-02-25 18:11:51,342 [INFO] IPUIPlugin:80 - create IPUIPlugin
2025-02-25 18:11:51,342 [INFO] PluginManager:220 - loadIPPluginJar : add genericplugin
2025-02-25 18:11:51,346 [INFO] IPUIPlugin:80 - create IPUIPlugin
2025-02-25 18:11:51,346 [INFO] PluginManager:220 - loadIPPluginJar : add cryp
2025-02-25 18:11:51,350 [INFO] IPUIPlugin:80 - create IPUIPlugin
2025-02-25 18:11:51,352 [INFO] PluginManager:220 - loadIPPluginJar : add gpio
2025-02-25 18:11:51,354 [INFO] IPUIPlugin:80 - create IPUIPlugin
2025-02-25 18:11:51,355 [INFO] PluginManager:220 - loadIPPluginJar : add ddr_ctrl_phy
2025-02-25 18:11:51,357 [INFO] IPUIPlugin:80 - create IPUIPlugin
2025-02-25 18:11:51,358 [INFO] PluginManager:220 - loadIPPluginJar : add comp
2025-02-25 18:11:51,361 [INFO] IPUIPlugin:80 - create IPUIPlugin
2025-02-25 18:11:51,363 [INFO] PluginManager:220 - loadIPPluginJar : add tracer_emb
2025-02-25 18:11:51,366 [INFO] IPUIPlugin:80 - create IPUIPlugin
2025-02-25 18:11:51,366 [INFO] PluginManager:220 - loadIPPluginJar : add openamp
2025-02-25 18:11:51,371 [INFO] IPUIPlugin:80 - create IPUIPlugin
2025-02-25 18:11:51,371 [INFO] PluginManager:220 - loadIPPluginJar : add stm32_wpan
2025-02-25 18:11:51,378 [INFO] IPUIPlugin:80 - create IPUIPlugin
2025-02-25 18:11:51,384 [INFO] PluginManager:220 - loadIPPluginJar : add plateformsettings
2025-02-25 18:11:51,387 [INFO] IPUIPlugin:80 - create IPUIPlugin
2025-02-25 18:11:51,387 [INFO] PluginManager:220 - loadIPPluginJar : add ipddr
2025-02-25 18:11:51,390 [INFO] IPUIPlugin:80 - create IPUIPlugin
2025-02-25 18:11:51,390 [INFO] PluginManager:220 - loadIPPluginJar : add usart
2025-02-25 18:11:51,392 [INFO] IPUIPlugin:80 - create IPUIPlugin
2025-02-25 18:11:51,392 [INFO] PluginManager:220 - loadIPPluginJar : add ltdc
2025-02-25 18:11:51,396 [INFO] IPUIPlugin:80 - create IPUIPlugin
2025-02-25 18:11:51,396 [INFO] PluginManager:220 - loadIPPluginJar : add nvic
2025-02-25 18:11:51,398 [INFO] IPUIPlugin:80 - create IPUIPlugin
2025-02-25 18:11:51,399 [INFO] PluginManager:220 - loadIPPluginJar : add fatfs
2025-02-25 18:11:51,406 [INFO] IPUIPlugin:80 - create IPUIPlugin
2025-02-25 18:11:51,406 [INFO] PluginManager:220 - loadIPPluginJar : add linkedlist
2025-02-25 18:11:51,412 [INFO] IPUIPlugin:80 - create IPUIPlugin
2025-02-25 18:11:51,413 [INFO] PluginManager:220 - loadIPPluginJar : add dma
2025-02-25 18:11:51,418 [INFO] IPUIPlugin:80 - create IPUIPlugin
2025-02-25 18:11:51,418 [INFO] PluginManager:220 - loadIPPluginJar : add fmc
2025-02-25 18:11:51,421 [INFO] IPUIPlugin:80 - create IPUIPlugin
2025-02-25 18:11:51,421 [INFO] PluginManager:220 - loadIPPluginJar : add i2s
2025-02-25 18:11:51,423 [INFO] IPUIPlugin:80 - create IPUIPlugin
2025-02-25 18:11:51,423 [INFO] PluginManager:220 - loadIPPluginJar : add ucpd
2025-02-25 18:11:51,427 [INFO] IPUIPlugin:80 - create IPUIPlugin
2025-02-25 18:11:51,429 [INFO] PluginManager:220 - loadIPPluginJar : add lorawan
2025-02-25 18:11:51,433 [INFO] IPUIPlugin:80 - create IPUIPlugin
2025-02-25 18:11:51,433 [INFO] PluginManager:220 - loadIPPluginJar : add opamp
2025-02-25 18:11:51,436 [INFO] IPUIPlugin:80 - create IPUIPlugin
2025-02-25 18:11:51,436 [INFO] PluginManager:220 - loadIPPluginJar : add i3c
2025-02-25 18:11:51,440 [INFO] IPUIPlugin:80 - create IPUIPlugin
2025-02-25 18:11:51,441 [INFO] PluginManager:220 - loadIPPluginJar : add touchsensing
2025-02-25 18:11:51,446 [INFO] IPUIPlugin:80 - create IPUIPlugin
2025-02-25 18:11:51,446 [INFO] PluginManager:220 - loadIPPluginJar : add i2c
2025-02-25 18:11:51,451 [INFO] IPUIPlugin:80 - create IPUIPlugin
2025-02-25 18:11:51,451 [INFO] PluginManager:220 - loadIPPluginJar : add resmgrutility
2025-02-25 18:11:51,454 [INFO] IPUIPlugin:80 - create IPUIPlugin
2025-02-25 18:11:51,454 [INFO] PluginManager:220 - loadIPPluginJar : add sai
2025-02-25 18:11:51,457 [INFO] IPUIPlugin:80 - create IPUIPlugin
2025-02-25 18:11:51,458 [INFO] PluginManager:220 - loadIPPluginJar : add usbx
2025-02-25 18:11:52,013 [FATAL] Updater:351 - Updater called before beeing initialized
2025-02-25 18:11:52,115 [INFO] RulesReader:64 - Compatibility file has been processed (297 Rules)
2025-02-25 18:11:52,140 [INFO] RulesReader:64 - Compatibility file has been processed (297 Rules)
2025-02-25 18:11:52,163 [INFO] CADModel:165 - CPN selected for project level
2025-02-25 18:11:52,164 [INFO] CADModel:114 - Register for checkConnection events
2025-02-25 18:11:52,164 [FATAL] Updater:351 - Updater called before beeing initialized
2025-02-25 18:11:52,164 [ERROR] CADModel:125 - Updater not yet initialized, retry later 
2025-02-25 18:11:52,284 [ERROR] LogOutputStream:75 - [STDERR_REDIRECT] [Fatal Error] :2:10: DOCTYPE is disallowed when the feature "http://apache.org/xml/features/disallow-doctype-decl" set to true.
2025-02-25 18:11:52,286 [ERROR] LogOutputStream:75 - [STDERR_REDIRECT] 
2025-02-25 18:11:52,562 [FATAL] Updater:351 - Updater called before beeing initialized
2025-02-25 18:11:52,565 [INFO] CADModel:165 - CPN selected for project level
2025-02-25 18:11:52,565 [INFO] CADModel:114 - Register for checkConnection events
2025-02-25 18:11:52,565 [FATAL] Updater:351 - Updater called before beeing initialized
2025-02-25 18:11:52,565 [ERROR] CADModel:125 - Updater not yet initialized, retry later 
2025-02-25 18:11:52,569 [FATAL] Updater:351 - Updater called before beeing initialized
2025-02-25 18:11:52,784 [FATAL] Updater:351 - Updater called before beeing initialized
2025-02-25 18:11:52,793 [INFO] DbMcusAds:53 - JSON generation date=Tue Dec 17 11:01:15 EST 2024 (1734451275111)
2025-02-25 18:11:52,793 [FATAL] Updater:351 - Updater called before beeing initialized
2025-02-25 18:11:52,907 [WARN] DetailPanel:346 - Failed to get advertising image, set to default
2025-02-25 18:11:53,063 [INFO] ThirdPartyUpdaterWithRetryManager:70 - Updater plugin not ready yet. [2/15]
2025-02-25 18:11:53,644 [FATAL] Updater:351 - Updater called before beeing initialized
2025-02-25 18:11:53,712 [FATAL] Updater:351 - Updater called before beeing initialized
2025-02-25 18:11:53,717 [FATAL] Updater:351 - Updater called before beeing initialized
2025-02-25 18:11:53,723 [WARN] DetailPanel:346 - Failed to get advertising image, set to default
2025-02-25 18:11:53,814 [FATAL] Updater:351 - Updater called before beeing initialized
2025-02-25 18:11:54,231 [ERROR] Updater:1198 - MainUpdater not yet initialized. External WinMGr cannot be set.
2025-02-25 18:11:54,251 [INFO] Updater:1134 - Updater Version found : 6.13.0
2025-02-25 18:11:54,281 [INFO] ApplicationProperties:184 - Using Application install path: /Applications/STM32CubeIDE.app/Contents/Eclipse/plugins/com.st.stm32cube.common.mx_6.13.0.202411220809
2025-02-25 18:11:54,992 [INFO] MainUpdater:2872 - connection check result : 10
2025-02-25 18:11:54,992 [INFO] MainUpdater:3566 - Updater definition file requires update
2025-02-25 18:11:54,994 [INFO] MainUpdater:289 - Updater Check For Update Now.
2025-02-25 18:11:54,994 [INFO] MicroXplorer:498 - Change Database Version : DB.6.0.130
2025-02-25 18:11:55,006 [INFO] McuFinderGlobals:63 - Set McuFinder mode to 2 (CubeIDE integrated)
2025-02-25 18:11:55,007 [INFO] UserAuth:486 - Internet connection configuration mode: 1
2025-02-25 18:11:55,023 [INFO] JxBrowserEngine:152 - Initiate JxBrowser Engine with user profile folder
2025-02-25 18:11:55,090 [INFO] ServerAccessManage:473 - Download File updaters.zip
2025-02-25 18:11:55,262 [INFO] FileExtend:240 - Unzip File : updaters.zip
2025-02-25 18:11:55,263 [INFO] FileExtend:255 - Standard Zip Deflate
2025-02-25 18:11:55,521 [INFO] ServerAccessManage:473 - Download File PacksControlFlags.xml
2025-02-25 18:11:55,668 [INFO] ServerAccessManage:473 - Download File cubemx.pidx
2025-02-25 18:11:56,056 [INFO] ServerAccessManage:473 - Download File STMicroelectronics.FP-ATR-ASTRA1.pdsc
2025-02-25 18:11:56,067 [WARN] MainUpdater:1193 - Updater busy. Cannot search thirdparties
2025-02-25 18:11:56,068 [INFO] ThirdPartyUpdaterWithRetryManager:96 - Updater plugin is busy. [1/15]
2025-02-25 18:11:58,771 [WARN] PackLoader:240 - Cannot read IP mode file for STMicroelectronics.FP-ATR-ASTRA1.2.0.2
2025-02-25 18:11:58,796 [INFO] PopulateThirdPartyThread:66 - Ending populate Thread
2025-02-25 18:11:58,800 [INFO] ThirdParty:1030 - CMSIS Pack Vendor :STMicroelectronics FP-ATR-ASTRA1 2.0.2
2025-02-25 18:11:58,800 [INFO] LoadServerUpdatesThread:375 - End of LoadServerUpdate Thread
2025-02-25 18:11:58,970 [INFO] CheckServerUpdateThread:120 - End of CheckServer Thread
2025-02-25 18:11:59,235 [WARN] PackLoader:240 - Cannot read IP mode file for STMicroelectronics.FP-SNS-MOTENVWB1.1.4.0
2025-02-25 18:11:59,252 [WARN] PackLoader:240 - Cannot read IP mode file for STMicroelectronics.FP-ATR-ASTRA1.2.0.2
2025-02-25 18:11:59,276 [WARN] PackLoader:240 - Cannot read IP mode file for STMicroelectronics.FP-ATR-ASTRA1.2.0.1
2025-02-25 18:11:59,288 [WARN] PackLoader:240 - Cannot read IP mode file for STMicroelectronics.X-CUBE-SMBUS.2.1.0
2025-02-25 18:11:59,303 [WARN] PackLoader:240 - Cannot read IP mode file for STMicroelectronics.X-CUBE-WB05N.1.1.0
2025-02-25 18:11:59,387 [WARN] PackLoader:240 - Cannot read IP mode file for STMicroelectronics.X-CUBE-AZRTOS-F7.1.1.0
2025-02-25 18:11:59,423 [WARN] PackLoader:240 - Cannot read IP mode file for STMicroelectronics.FP-SNS-FLIGHT1.5.0.2
2025-02-25 18:11:59,517 [WARN] PackLoader:240 - Cannot read IP mode file for Infineon.AIROC-Wi-Fi-Bluetooth-STM32.1.7.0
2025-02-25 18:11:59,601 [WARN] PackLoader:240 - Cannot read IP mode file for STMicroelectronics.X-CUBE-DISPLAY.3.0.0
2025-02-25 18:11:59,676 [WARN] PackLoader:240 - Cannot read IP mode file for STMicroelectronics.X-CUBE-BLE1.7.0.0
2025-02-25 18:11:59,695 [WARN] PackLoader:240 - Cannot read IP mode file for STMicroelectronics.X-CUBE-NFC10.1.0.0
2025-02-25 18:11:59,745 [WARN] PackLoader:240 - Cannot read IP mode file for STMicroelectronics.X-CUBE-BLEMGR.4.0.0
2025-02-25 18:11:59,783 [WARN] PackLoader:240 - Cannot read IP mode file for emotas.I-CUBE-CANOPEN.1.3.0
2025-02-25 18:11:59,798 [WARN] PackLoader:240 - Cannot read IP mode file for STMicroelectronics.X-CUBE-AI.10.0.0
2025-02-25 18:11:59,806 [WARN] PackLoader:240 - Cannot read IP mode file for STMicroelectronics.FP-SNS-SMARTAG2.1.2.0
2025-02-25 18:11:59,968 [WARN] PackLoader:240 - Cannot read IP mode file for STMicroelectronics.X-CUBE-MEMS1.11.1.0
2025-02-25 18:12:01,502 [INFO] LogOutputStream:77 - [STDOUT_REDIRECT] 1 : Invalid condition id : UX_CORESTACK_Condition cause : null
2025-02-25 18:12:01,536 [INFO] LogOutputStream:77 - [STDOUT_REDIRECT] 1 : Invalid condition id : UX_CORESTACK_Condition cause : null
2025-02-25 18:12:01,539 [INFO] LogOutputStream:77 - [STDOUT_REDIRECT] 1 : Invalid condition id : UX_CORESTACK_Condition cause : null
2025-02-25 18:12:01,543 [INFO] LogOutputStream:77 - [STDOUT_REDIRECT] 1 : Invalid condition id : UX_CORESTACK_Condition cause : null
2025-02-25 18:12:01,544 [INFO] LogOutputStream:77 - [STDOUT_REDIRECT] 1 : Invalid condition id : UX_CORESTACK_Condition cause : null
2025-02-25 18:12:01,559 [WARN] PackLoader:240 - Cannot read IP mode file for STMicroelectronics.X-CUBE-AZRTOS-WL.2.0.0
2025-02-25 18:12:01,683 [WARN] PackLoader:240 - Cannot read IP mode file for STMicroelectronics.FP-SNS-MOTENV1.5.0.0
2025-02-25 18:12:01,718 [WARN] PackLoader:240 - Cannot read IP mode file for wolfSSL.I-CUBE-wolfMQTT.1.19.0
2025-02-25 18:12:01,808 [WARN] PackLoader:240 - Cannot read IP mode file for WES.I-CUBE-Cesium.1.3.0
2025-02-25 18:12:01,840 [WARN] PackLoader:240 - Cannot read IP mode file for STMicroelectronics.X-CUBE-BLE2.3.3.0
2025-02-25 18:12:01,866 [WARN] PackLoader:240 - Cannot read IP mode file for STMicroelectronics.X-CUBE-NFC9.1.0.0
2025-02-25 18:12:01,919 [WARN] PackLoader:240 - Cannot read IP mode file for STMicroelectronics.X-CUBE-AZRTOS-G0.1.1.0
2025-02-25 18:12:01,947 [WARN] PackLoader:240 - Cannot read IP mode file for STMicroelectronics.X-CUBE-SAFEA1.1.2.2
2025-02-25 18:12:01,987 [WARN] PackLoader:240 - Cannot read IP mode file for STMicroelectronics.X-CUBE-NFC4.3.0.0
2025-02-25 18:12:02,011 [WARN] PackLoader:240 - Cannot read IP mode file for EmbeddedOffice.I-CUBE-FS-RTOS.1.0.1
2025-02-25 18:12:02,011 [INFO] WebApp:168 - Instantiating new browser for Auth
2025-02-25 18:12:02,047 [WARN] PackLoader:240 - Cannot read IP mode file for STMicroelectronics.X-CUBE-TCPP.4.2.0
2025-02-25 18:12:02,098 [WARN] PackLoader:240 - Cannot read IP mode file for RealThread.X-CUBE-RT-Thread_Nano.4.1.1
2025-02-25 18:12:02,123 [WARN] PackLoader:240 - Cannot read IP mode file for STMicroelectronics.FP-ATR-SIGFOX1.3.2.0
2025-02-25 18:12:02,147 [WARN] ConditionMgr:438 - getConditionDescription Invalid condition id : Cortex-A Device cause : null
2025-02-25 18:12:02,242 [WARN] ConditionMgr:1044 - genDependencies : Invalid condition id : Cortex-A Device cause : null
2025-02-25 18:12:02,242 [WARN] ConditionMgr:1044 - genDependencies : Invalid condition id : Cortex-A Device cause : null
2025-02-25 18:12:02,242 [WARN] ConditionMgr:1044 - genDependencies : Invalid condition id : Cortex-A Device cause : null
2025-02-25 18:12:02,257 [WARN] PackLoader:240 - Cannot read IP mode file for STMicroelectronics.X-CUBE-EEPRMA1.5.1.0
2025-02-25 18:12:02,270 [WARN] PackLoader:240 - Cannot read IP mode file for wolfSSL.I-CUBE-wolfSSL.5.7.6
2025-02-25 18:12:02,286 [WARN] PackLoader:240 - Cannot read IP mode file for ITTIA_DB.I-CUBE-ITTIADB.8.9.0
2025-02-25 18:12:02,406 [WARN] PackLoader:240 - Cannot read IP mode file for SEGGER.I-CUBE-embOS.1.3.1
2025-02-25 18:12:02,501 [WARN] PackLoader:240 - Cannot read IP mode file for STMicroelectronics.X-CUBE-ALGOBUILD.1.4.0
2025-02-25 18:12:02,569 [WARN] PackLoader:240 - Cannot read IP mode file for STMicroelectronics.X-CUBE-AZRTOS-F4.1.1.0
2025-02-25 18:12:02,585 [WARN] PackLoader:240 - Cannot read IP mode file for STMicroelectronics.X-CUBE-ISPU.2.1.0
2025-02-25 18:12:02,622 [WARN] PackLoader:240 - Cannot read IP mode file for STMicroelectronics.X-CUBE-AZRTOS-L5.2.0.0
2025-02-25 18:12:02,654 [WARN] PackLoader:240 - Cannot read IP mode file for STMicroelectronics.X-CUBE-NFC6.3.1.0
2025-02-25 18:12:02,673 [WARN] PackLoader:240 - Cannot read IP mode file for STMicroelectronics.X-CUBE-DPower.1.2.0
2025-02-25 18:12:02,685 [WARN] PackLoader:240 - Cannot read IP mode file for STMicroelectronics.X-CUBE-FREERTOS.1.3.0
2025-02-25 18:12:02,695 [WARN] PackLoader:240 - Cannot read IP mode file for STMicroelectronics.X-CUBE-NFC7.1.0.1
2025-02-25 18:12:02,770 [WARN] ConditionMgr:438 - getConditionDescription Invalid condition id : LAN8742 Phy interface Condition cause : null
2025-02-25 18:12:02,777 [WARN] PackLoader:240 - Cannot read IP mode file for STMicroelectronics.X-CUBE-AZRTOS-L4.2.0.0
2025-02-25 18:12:02,786 [WARN] ConditionMgr:1044 - genDependencies : Invalid condition id : LAN8742 Phy interface Condition cause : null
2025-02-25 18:12:02,787 [WARN] ConditionMgr:1044 - genDependencies : Invalid condition id : LAN8742 Phy interface Condition cause : null
2025-02-25 18:12:02,791 [WARN] ConditionMgr:1044 - genDependencies : Invalid condition id : LAN8742 Phy interface Condition cause : null
2025-02-25 18:12:02,816 [WARN] PackLoader:240 - Cannot read IP mode file for STMicroelectronics.X-CUBE-SFXS2LP1.4.0.0
2025-02-25 18:12:02,921 [WARN] PackLoader:240 - Cannot read IP mode file for STMicroelectronics.X-CUBE-AZRTOS-H7.3.3.0
2025-02-25 18:12:02,986 [WARN] ConditionMgr:438 - getConditionDescription Invalid condition id : UX DEVICE CLASS RTOS Condition cause : null
2025-02-25 18:12:02,990 [WARN] ConditionMgr:438 - getConditionDescription Invalid condition id : UX DEVICE CLASS RTOS Condition cause : null
2025-02-25 18:12:03,005 [WARN] PackLoader:240 - Cannot read IP mode file for STMicroelectronics.X-CUBE-AZRTOS-WB.2.0.0
2025-02-25 18:12:03,011 [WARN] ConditionMgr:1044 - genDependencies : Invalid condition id : UX DEVICE CLASS RTOS Condition cause : null
2025-02-25 18:12:03,012 [WARN] ConditionMgr:1044 - genDependencies : Invalid condition id : UX DEVICE CLASS RTOS Condition cause : null
2025-02-25 18:12:03,014 [WARN] ConditionMgr:1044 - genDependencies : Invalid condition id : UX DEVICE CLASS RTOS Condition cause : null
2025-02-25 18:12:03,018 [WARN] ConditionMgr:1044 - genDependencies : Invalid condition id : UX DEVICE CLASS RTOS Condition cause : null
2025-02-25 18:12:03,023 [WARN] ConditionMgr:1044 - genDependencies : Invalid condition id : UX DEVICE CLASS RTOS Condition cause : null
2025-02-25 18:12:03,072 [WARN] PackLoader:240 - Cannot read IP mode file for STMicroelectronics.X-CUBE-GNSS1.7.0.1
2025-02-25 18:12:03,093 [WARN] PackLoader:240 - Cannot read IP mode file for STMicroelectronics.FP-SNS-STBOX1.2.0.0
2025-02-25 18:12:03,124 [WARN] PackLoader:240 - Cannot read IP mode file for STMicroelectronics.X-CUBE-SUBG2.5.0.0
2025-02-25 18:12:03,142 [WARN] PackLoader:240 - Cannot read IP mode file for Cesanta.I-CUBE-Mongoose.7.13.0
2025-02-25 18:12:03,170 [WARN] PackLoader:240 - Cannot read IP mode file for STMicroelectronics.X-CUBE-AZRTOS-G4.2.0.0
2025-02-25 18:12:03,240 [WARN] PackLoader:240 - Cannot read IP mode file for STMicroelectronics.X-CUBE-IPS.3.1.0
2025-02-25 18:12:03,285 [WARN] PackLoader:240 - Cannot read IP mode file for STMicroelectronics.X-CUBE-ALS.1.0.2
2025-02-25 18:12:03,302 [WARN] PackLoader:240 - Cannot read IP mode file for STMicroelectronics.X-CUBE-TOUCHGFX.4.24.2
2025-02-25 18:12:03,316 [WARN] PackLoader:240 - Cannot read IP mode file for wolfSSL.I-CUBE-wolfTPM.3.4.0
2025-02-25 18:12:03,329 [WARN] PackLoader:240 - Cannot read IP mode file for portGmbH.I-Cube-SoM-uGOAL.1.1.0
2025-02-25 18:12:03,366 [WARN] PackLoader:240 - Cannot read IP mode file for STMicroelectronics.X-CUBE-AZRTOS-H7RS.1.0.0
2025-02-25 18:12:03,394 [WARN] PackLoader:240 - Cannot read IP mode file for STMicroelectronics.X-CUBE-TOF1.3.4.2
2025-02-25 18:12:03,411 [WARN] PackLoader:240 - Cannot read IP mode file for wolfSSL.I-CUBE-wolfSSH.1.4.17
2025-02-25 18:12:03,415 [INFO] ThirdParty:978 - Integrity check success = true
2025-02-25 18:12:03,415 [INFO] IntegrityCheckThread:100 - exiting critical section [integrity check]
2025-02-25 18:12:03,415 [INFO] IntegrityCheckThread:103 - End integrity checks thread
2025-02-25 18:12:05,065 [INFO] WebApp:449 - Apply proxy settings
2025-02-25 18:12:05,088 [INFO] WebApp:494 - Chromium authenticates against Manually configured proxy
2025-02-25 18:12:05,122 [INFO] WebApp:502 - Username used for proxy authentication: 
2025-02-25 18:12:05,222 [INFO] WebApp:880 - Register for checkConnection events
2025-02-25 18:12:05,224 [INFO] WebApp:449 - Apply proxy settings
2025-02-25 18:12:05,230 [INFO] WebApp:494 - Chromium authenticates against Manually configured proxy
2025-02-25 18:12:05,231 [INFO] WebApp:502 - Username used for proxy authentication: 
2025-02-25 18:12:05,524 [INFO] WebApp:221 - Starting web application
2025-02-25 18:12:05,524 [INFO] WebApp:579 - Web application path used /Applications/STM32CubeIDE.app/Contents/Eclipse/plugins/com.st.stm32cube.common.mx_6.13.0.202411220809/db/plugins/mcufinder/reactClient1/index.html
2025-02-25 18:12:06,272 [INFO] WebApp:187 - Connection restablished
2025-02-25 18:12:06,734 [INFO] UserAuth:486 - Internet connection configuration mode: 1
2025-02-25 18:12:27,630 [ERROR] LogOutputStream:75 - [STDERR_REDIRECT] 
